<?xml version="1.0" encoding="UTF-8"?>
<!-- Generated by org.testng.reporters.JUnitReportReporter -->
<testsuite hostname="DESKTOP-AF71NMN" name="com.samplePOM.test.MobileTest1" tests="3" failures="0" timestamp="17 Jun 2018 02:54:11 GMT" time="5.100" errors="0">
  <testcase name="searchTextInTB" time="1.179" classname="com.samplePOM.test.MobileTest1"/>
  <testcase name="accessWikionWeb" time="2.368" classname="com.samplePOM.test.MobileTest1"/>
  <testcase name="clickSearchButton" time="1.553" classname="com.samplePOM.test.MobileTest1"/>
</testsuite> <!-- com.samplePOM.test.MobileTest1 -->
