<?xml version="1.0" encoding="UTF-8"?>
<!-- Generated by org.testng.reporters.JUnitReportReporter -->
<testsuite hostname="DESKTOP-AF71NMN" name="com.samplePOM.test.TestBank2" tests="4" failures="0" timestamp="9 Jun 2018 03:58:11 GMT" time="11.333" errors="0">
  <testcase name="launchURL" time="4.681" classname="com.samplePOM.test.TestBank2"/>
  <testcase name="loginApp" time="2.384" classname="com.samplePOM.test.TestBank2"/>
  <testcase name="logoutBank" time="0.943" classname="com.samplePOM.test.TestBank2"/>
  <testcase name="enquireBalance" time="3.325" classname="com.samplePOM.test.TestBank2"/>
</testsuite> <!-- com.samplePOM.test.TestBank2 -->
