<?xml version="1.0" encoding="UTF-8"?>
<!-- Generated by org.testng.reporters.JUnitReportReporter -->
<testsuite hostname="DESKTOP-AF71NMN" name="com.samplePOM.test.TestBank1" tests="6" failures="0" timestamp="8 Jun 2018 16:53:53 GMT" time="16.330" errors="0">
  <testcase name="addNewAccount" time="2.858" classname="com.samplePOM.test.TestBank1"/>
  <testcase name="loginApp" time="1.855" classname="com.samplePOM.test.TestBank1"/>
  <testcase name="depositMoney" time="2.948" classname="com.samplePOM.test.TestBank1"/>
  <testcase name="logoutBank" time="1.481" classname="com.samplePOM.test.TestBank1"/>
  <testcase name="addNewCustomer" time="3.914" classname="com.samplePOM.test.TestBank1"/>
  <testcase name="launchURL" time="3.274" classname="com.samplePOM.test.TestBank1"/>
</testsuite> <!-- com.samplePOM.test.TestBank1 -->
