<?xml version="1.0" encoding="UTF-8"?>
<!-- Generated by org.testng.reporters.JUnitReportReporter -->
<testsuite hostname="DESKTOP-AF71NMN" name="com.test.assertion.TestAlpha" tests="1" failures="0" timestamp="21 Jun 2018 14:16:54 GMT" time="0.158" errors="0">
  <testcase name="test_meth1" time="0.158" classname="com.test.assertion.TestAlpha"/>
</testsuite> <!-- com.test.assertion.TestAlpha -->
