<?xml version="1.0" encoding="UTF-8"?>
<!-- Generated by org.testng.reporters.JUnitReportReporter -->
<testsuite hostname="DESKTOP-AF71NMN" name="com.samplePOM.test.PrintWebElement" tests="1" failures="0" timestamp="1 Jun 2018 13:45:33 GMT" time="17.412" errors="0">
  <testcase name="printWebElement" time="17.412" classname="com.samplePOM.test.PrintWebElement"/>
</testsuite> <!-- com.samplePOM.test.PrintWebElement -->
